0 info it worked if it ends with ok
1 verbose cli [ '/Users/lucasbittar/.homebrew/Cellar/node/6.1.0/bin/node',
1 verbose cli   '/Users/lucasbittar/.homebrew/bin/npm',
1 verbose cli   'start' ]
2 info using npm@3.8.6
3 info using node@v6.1.0
4 verbose run-script [ 'prestart', 'start', 'poststart' ]
5 info lifecycle weatherapp@1.0.0~prestart: weatherapp@1.0.0
6 silly lifecycle weatherapp@1.0.0~prestart: no script for prestart, continuing
7 info lifecycle weatherapp@1.0.0~start: weatherapp@1.0.0
8 verbose lifecycle weatherapp@1.0.0~start: unsafe-perm in lifecycle true
9 verbose lifecycle weatherapp@1.0.0~start: PATH: /Users/lucasbittar/.homebrew/lib/node_modules/npm/bin/node-gyp-bin:/Users/lucasbittar/Projects/weatherapp/node_modules/.bin:/Users/lucasbittar/.homebrew/Cellar/node/6.1.0/bin:/Users/lucasbittar/.homebrew/bin:/Users/lucasbittar/bin:/usr/local/bin:/usr/local/bin:/usr/bin:/bin:/usr/sbin:/sbin:/Users/lucasbittar/.homebrew/bin:/Users/lucasbittar/bin
10 verbose lifecycle weatherapp@1.0.0~start: CWD: /Users/lucasbittar/Projects/weatherapp
11 silly lifecycle weatherapp@1.0.0~start: Args: [ '-c',
11 silly lifecycle   'rm public/app.js && webpack-dev-server --progress --colors --content-base public/ --port 8080' ]
12 silly lifecycle weatherapp@1.0.0~start: Returned: code: 1  signal: null
13 info lifecycle weatherapp@1.0.0~start: Failed to exec start script
14 verbose stack Error: weatherapp@1.0.0 start: `rm public/app.js && webpack-dev-server --progress --colors --content-base public/ --port 8080`
14 verbose stack Exit status 1
14 verbose stack     at EventEmitter.<anonymous> (/Users/lucasbittar/.homebrew/lib/node_modules/npm/lib/utils/lifecycle.js:239:16)
14 verbose stack     at emitTwo (events.js:106:13)
14 verbose stack     at EventEmitter.emit (events.js:191:7)
14 verbose stack     at ChildProcess.<anonymous> (/Users/lucasbittar/.homebrew/lib/node_modules/npm/lib/utils/spawn.js:24:14)
14 verbose stack     at emitTwo (events.js:106:13)
14 verbose stack     at ChildProcess.emit (events.js:191:7)
14 verbose stack     at maybeClose (internal/child_process.js:850:16)
14 verbose stack     at Process.ChildProcess._handle.onexit (internal/child_process.js:215:5)
15 verbose pkgid weatherapp@1.0.0
16 verbose cwd /Users/lucasbittar/Projects/weatherapp
17 error Darwin 15.6.0
18 error argv "/Users/lucasbittar/.homebrew/Cellar/node/6.1.0/bin/node" "/Users/lucasbittar/.homebrew/bin/npm" "start"
19 error node v6.1.0
20 error npm  v3.8.6
21 error code ELIFECYCLE
22 error weatherapp@1.0.0 start: `rm public/app.js && webpack-dev-server --progress --colors --content-base public/ --port 8080`
22 error Exit status 1
23 error Failed at the weatherapp@1.0.0 start script 'rm public/app.js && webpack-dev-server --progress --colors --content-base public/ --port 8080'.
23 error Make sure you have the latest version of node.js and npm installed.
23 error If you do, this is most likely a problem with the weatherapp package,
23 error not with npm itself.
23 error Tell the author that this fails on your system:
23 error     rm public/app.js && webpack-dev-server --progress --colors --content-base public/ --port 8080
23 error You can get information on how to open an issue for this project with:
23 error     npm bugs weatherapp
23 error Or if that isn't available, you can get their info via:
23 error     npm owner ls weatherapp
23 error There is likely additional logging output above.
24 verbose exit [ 1, true ]
